Determining if the pthread_create exist failed with the following output:
Change Dir: /home/prajwal-thakur/ALL_THINGS_RELATED_TO_ROS/PX4/Firmware_clone_sitl/launch/ros_iris/ros_sitl_gazebo/build/CMakeFiles/CMakeTmp

Run Build Command:"/usr/bin/make" "cmTC_07787/fast"
/usr/bin/make -f CMakeFiles/cmTC_07787.dir/build.make CMakeFiles/cmTC_07787.dir/build
make[1]: Entering directory '/home/prajwal-thakur/ALL_THINGS_RELATED_TO_ROS/PX4/Firmware_clone_sitl/launch/ros_iris/ros_sitl_gazebo/build/CMakeFiles/CMakeTmp'
Building C object CMakeFiles/cmTC_07787.dir/CheckSymbolExists.c.o
/usr/bin/cc    -o CMakeFiles/cmTC_07787.dir/CheckSymbolExists.c.o   -c /home/prajwal-thakur/ALL_THINGS_RELATED_TO_ROS/PX4/Firmware_clone_sitl/launch/ros_iris/ros_sitl_gazebo/build/CMakeFiles/CMakeTmp/CheckSymbolExists.c
Linking C executable cmTC_07787
/usr/bin/cmake -E cmake_link_script CMakeFiles/cmTC_07787.dir/link.txt --verbose=1
/usr/bin/cc      -rdynamic CMakeFiles/cmTC_07787.dir/CheckSymbolExists.c.o  -o cmTC_07787 
CMakeFiles/cmTC_07787.dir/CheckSymbolExists.c.o: In function `main':
CheckSymbolExists.c:(.text+0x1b): undefined reference to `pthread_create'
collect2: error: ld returned 1 exit status
CMakeFiles/cmTC_07787.dir/build.make:97: recipe for target 'cmTC_07787' failed
make[1]: *** [cmTC_07787] Error 1
make[1]: Leaving directory '/home/prajwal-thakur/ALL_THINGS_RELATED_TO_ROS/PX4/Firmware_clone_sitl/launch/ros_iris/ros_sitl_gazebo/build/CMakeFiles/CMakeTmp'
Makefile:126: recipe for target 'cmTC_07787/fast' failed
make: *** [cmTC_07787/fast] Error 2

File /home/prajwal-thakur/ALL_THINGS_RELATED_TO_ROS/PX4/Firmware_clone_sitl/launch/ros_iris/ros_sitl_gazebo/build/CMakeFiles/CMakeTmp/CheckSymbolExists.c:
/* */
#include <pthread.h>

int main(int argc, char** argv)
{
  (void)argv;
#ifndef pthread_create
  return ((int*)(&pthread_create))[argc];
#else
  (void)argc;
  return 0;
#endif
}

Determining if the function pthread_create exists in the pthreads failed with the following output:
Change Dir: /home/prajwal-thakur/ALL_THINGS_RELATED_TO_ROS/PX4/Firmware_clone_sitl/launch/ros_iris/ros_sitl_gazebo/build/CMakeFiles/CMakeTmp

Run Build Command:"/usr/bin/make" "cmTC_be253/fast"
/usr/bin/make -f CMakeFiles/cmTC_be253.dir/build.make CMakeFiles/cmTC_be253.dir/build
make[1]: Entering directory '/home/prajwal-thakur/ALL_THINGS_RELATED_TO_ROS/PX4/Firmware_clone_sitl/launch/ros_iris/ros_sitl_gazebo/build/CMakeFiles/CMakeTmp'
Building C object CMakeFiles/cmTC_be253.dir/CheckFunctionExists.c.o
/usr/bin/cc   -DCHECK_FUNCTION_EXISTS=pthread_create   -o CMakeFiles/cmTC_be253.dir/CheckFunctionExists.c.o   -c /usr/share/cmake-3.10/Modules/CheckFunctionExists.c
Linking C executable cmTC_be253
/usr/bin/cmake -E cmake_link_script CMakeFiles/cmTC_be253.dir/link.txt --verbose=1
/usr/bin/cc  -DCHECK_FUNCTION_EXISTS=pthread_create    -rdynamic CMakeFiles/cmTC_be253.dir/CheckFunctionExists.c.o  -o cmTC_be253 -lpthreads 
/usr/bin/ld: cannot find -lpthreads
collect2: error: ld returned 1 exit status
CMakeFiles/cmTC_be253.dir/build.make:97: recipe for target 'cmTC_be253' failed
make[1]: *** [cmTC_be253] Error 1
make[1]: Leaving directory '/home/prajwal-thakur/ALL_THINGS_RELATED_TO_ROS/PX4/Firmware_clone_sitl/launch/ros_iris/ros_sitl_gazebo/build/CMakeFiles/CMakeTmp'
Makefile:126: recipe for target 'cmTC_be253/fast' failed
make: *** [cmTC_be253/fast] Error 2


